{"name": "Login with multiples parameters -- @1.5 ", "status": "broken", "statusDetails": {"message": "selenium.common.exceptions.TimeoutException: Message: \nStacktrace:\n\tGetHandleVerifier [0x00007FF7103DAD02+56930]\n\t(No symbol) [0x00007FF71034F602]\n\t(No symbol) [0x00007FF7102042E5]\n\t(No symbol) [0x00007FF7102498ED]\n\t(No symbol) [0x00007FF710249A2C]\n\t(No symbol) [0x00007FF71028A967]\n\t(No symbol) [0x00007FF71026BCDF]\n\t(No symbol) [0x00007FF7102881E2]\n\t(No symbol) [0x00007FF71026BA43]\n\t(No symbol) [0x00007FF71023D438]\n\t(No symbol) [0x00007FF71023E4D1]\n\tGetHandleVerifier [0x00007FF710756F8D+3711213]\n\tGetHandleVerifier [0x00007FF7107B04CD+4077101]\n\tGetHandleVerifier [0x00007FF7107A865F+4044735]\n\tGetHandleVerifier [0x00007FF710479736+706710]\n\t(No symbol) [0x00007FF71035B8DF]\n\t(No symbol) [0x00007FF710356AC4]\n\t(No symbol) [0x00007FF710356C1C]\n\t(No symbol) [0x00007FF7103468D4]\n\tBaseThreadInitThunk [0x00007FFB2FA7257D+29]\n\tRtlUserThreadStart [0x00007FFB30D4AA58+40]\n\n", "trace": "  File \"C:\\Users\\USER\\AppData\\Local\\Programs\\Python\\Python311\\Lib\\site-packages\\behave\\model.py\", line 1329, in run\n    match.run(runner.context)\n  File \"C:\\Users\\USER\\AppData\\Local\\Programs\\Python\\Python311\\Lib\\site-packages\\behave\\matchers.py\", line 98, in run\n    self.func(context, *args, **kwargs)\n  File \"features\\steps\\loginSteps.py\", line 54, in step_impl\n    wait.until(expected_conditions.presence_of_element_located((By.XPATH, \"//span[@class='oxd-topbar-header-breadcrumb']/h6\")))\n  File \"C:\\Users\\USER\\AppData\\Local\\Programs\\Python\\Python311\\Lib\\site-packages\\selenium\\webdriver\\support\\wait.py\", line 101, in until\n    raise TimeoutException(message, screen, stacktrace)\n"}, "steps": [{"name": "Given I Launch the browser", "status": "passed", "start": 1710974946051, "stop": 1710974949793}, {"name": "When I open orange HRM LoginPage", "status": "passed", "start": 1710974949793, "stop": 1710974950341}, {"name": "And Enter multiples username \"admin\" and password \"admin\"", "status": "passed", "start": 1710974950341, "stop": 1710974950434}, {"name": "And Click on login button", "status": "passed", "start": 1710974950434, "stop": 1710974951471}, {"name": "Then User must succesfully login to the Dashboard page", "status": "broken", "statusDetails": {"message": "selenium.common.exceptions.TimeoutException: Message: \nStacktrace:\n\tGetHandleVerifier [0x00007FF7103DAD02+56930]\n\t(No symbol) [0x00007FF71034F602]\n\t(No symbol) [0x00007FF7102042E5]\n\t(No symbol) [0x00007FF7102498ED]\n\t(No symbol) [0x00007FF710249A2C]\n\t(No symbol) [0x00007FF71028A967]\n\t(No symbol) [0x00007FF71026BCDF]\n\t(No symbol) [0x00007FF7102881E2]\n\t(No symbol) [0x00007FF71026BA43]\n\t(No symbol) [0x00007FF71023D438]\n\t(No symbol) [0x00007FF71023E4D1]\n\tGetHandleVerifier [0x00007FF710756F8D+3711213]\n\tGetHandleVerifier [0x00007FF7107B04CD+4077101]\n\tGetHandleVerifier [0x00007FF7107A865F+4044735]\n\tGetHandleVerifier [0x00007FF710479736+706710]\n\t(No symbol) [0x00007FF71035B8DF]\n\t(No symbol) [0x00007FF710356AC4]\n\t(No symbol) [0x00007FF710356C1C]\n\t(No symbol) [0x00007FF7103468D4]\n\tBaseThreadInitThunk [0x00007FFB2FA7257D+29]\n\tRtlUserThreadStart [0x00007FFB30D4AA58+40]\n\n", "trace": "  File \"C:\\Users\\USER\\AppData\\Local\\Programs\\Python\\Python311\\Lib\\site-packages\\behave\\model.py\", line 1329, in run\n    match.run(runner.context)\n  File \"C:\\Users\\USER\\AppData\\Local\\Programs\\Python\\Python311\\Lib\\site-packages\\behave\\matchers.py\", line 98, in run\n    self.func(context, *args, **kwargs)\n  File \"features\\steps\\loginSteps.py\", line 54, in step_impl\n    wait.until(expected_conditions.presence_of_element_located((By.XPATH, \"//span[@class='oxd-topbar-header-breadcrumb']/h6\")))\n  File \"C:\\Users\\USER\\AppData\\Local\\Programs\\Python\\Python311\\Lib\\site-packages\\selenium\\webdriver\\support\\wait.py\", line 101, in until\n    raise TimeoutException(message, screen, stacktrace)\n"}, "start": 1710974951471, "stop": 1710974961605}], "parameters": [{"name": "username", "value": "admin"}, {"name": "password", "value": "admin"}], "start": 1710974946050, "stop": 1710974961605, "uuid": "e14138f9-6499-469c-9049-653334b895f3", "historyId": "5b3d07c0d6d265040bb1493075ca642c", "fullName": ": Login with multiples parameters", "labels": [{"name": "severity", "value": "normal"}, {"name": "feature"}, {"name": "framework", "value": "behave"}, {"name": "language", "value": "cpython3"}]}