{"name": "Login with multiples parameters -- @1.3 ", "status": "broken", "statusDetails": {"message": "selenium.common.exceptions.TimeoutException: Message: \nStacktrace:\n\tGetHandleVerifier [0x00007FF7103DAD02+56930]\n\t(No symbol) [0x00007FF71034F602]\n\t(No symbol) [0x00007FF7102042E5]\n\t(No symbol) [0x00007FF7102498ED]\n\t(No symbol) [0x00007FF710249A2C]\n\t(No symbol) [0x00007FF71028A967]\n\t(No symbol) [0x00007FF71026BCDF]\n\t(No symbol) [0x00007FF7102881E2]\n\t(No symbol) [0x00007FF71026BA43]\n\t(No symbol) [0x00007FF71023D438]\n\t(No symbol) [0x00007FF71023E4D1]\n\tGetHandleVerifier [0x00007FF710756F8D+3711213]\n\tGetHandleVerifier [0x00007FF7107B04CD+4077101]\n\tGetHandleVerifier [0x00007FF7107A865F+4044735]\n\tGetHandleVerifier [0x00007FF710479736+706710]\n\t(No symbol) [0x00007FF71035B8DF]\n\t(No symbol) [0x00007FF710356AC4]\n\t(No symbol) [0x00007FF710356C1C]\n\t(No symbol) [0x00007FF7103468D4]\n\tBaseThreadInitThunk [0x00007FFB2FA7257D+29]\n\tRtlUserThreadStart [0x00007FFB30D4AA58+40]\n\n", "trace": "  File \"C:\\Users\\USER\\AppData\\Local\\Programs\\Python\\Python311\\Lib\\site-packages\\behave\\model.py\", line 1329, in run\n    match.run(runner.context)\n  File \"C:\\Users\\USER\\AppData\\Local\\Programs\\Python\\Python311\\Lib\\site-packages\\behave\\matchers.py\", line 98, in run\n    self.func(context, *args, **kwargs)\n  File \"features\\steps\\loginSteps.py\", line 54, in step_impl\n    wait.until(expected_conditions.presence_of_element_located((By.XPATH, \"//span[@class='oxd-topbar-header-breadcrumb']/h6\")))\n  File \"C:\\Users\\USER\\AppData\\Local\\Programs\\Python\\Python311\\Lib\\site-packages\\selenium\\webdriver\\support\\wait.py\", line 101, in until\n    raise TimeoutException(message, screen, stacktrace)\n"}, "steps": [{"name": "Given I Launch the browser", "status": "passed", "start": 1710976136599, "stop": 1710976140450}, {"name": "When I open orange HRM LoginPage", "status": "passed", "start": 1710976140450, "stop": 1710976141503}, {"name": "And Enter multiples username \"adminxyz\" and password \"admin123\"", "status": "passed", "start": 1710976141503, "stop": 1710976141585}, {"name": "And Click on login button", "status": "passed", "start": 1710976141585, "stop": 1710976142445}, {"name": "Then User must succesfully login to the Dashboard page", "status": "broken", "statusDetails": {"message": "selenium.common.exceptions.TimeoutException: Message: \nStacktrace:\n\tGetHandleVerifier [0x00007FF7103DAD02+56930]\n\t(No symbol) [0x00007FF71034F602]\n\t(No symbol) [0x00007FF7102042E5]\n\t(No symbol) [0x00007FF7102498ED]\n\t(No symbol) [0x00007FF710249A2C]\n\t(No symbol) [0x00007FF71028A967]\n\t(No symbol) [0x00007FF71026BCDF]\n\t(No symbol) [0x00007FF7102881E2]\n\t(No symbol) [0x00007FF71026BA43]\n\t(No symbol) [0x00007FF71023D438]\n\t(No symbol) [0x00007FF71023E4D1]\n\tGetHandleVerifier [0x00007FF710756F8D+3711213]\n\tGetHandleVerifier [0x00007FF7107B04CD+4077101]\n\tGetHandleVerifier [0x00007FF7107A865F+4044735]\n\tGetHandleVerifier [0x00007FF710479736+706710]\n\t(No symbol) [0x00007FF71035B8DF]\n\t(No symbol) [0x00007FF710356AC4]\n\t(No symbol) [0x00007FF710356C1C]\n\t(No symbol) [0x00007FF7103468D4]\n\tBaseThreadInitThunk [0x00007FFB2FA7257D+29]\n\tRtlUserThreadStart [0x00007FFB30D4AA58+40]\n\n", "trace": "  File \"C:\\Users\\USER\\AppData\\Local\\Programs\\Python\\Python311\\Lib\\site-packages\\behave\\model.py\", line 1329, in run\n    match.run(runner.context)\n  File \"C:\\Users\\USER\\AppData\\Local\\Programs\\Python\\Python311\\Lib\\site-packages\\behave\\matchers.py\", line 98, in run\n    self.func(context, *args, **kwargs)\n  File \"features\\steps\\loginSteps.py\", line 54, in step_impl\n    wait.until(expected_conditions.presence_of_element_located((By.XPATH, \"//span[@class='oxd-topbar-header-breadcrumb']/h6\")))\n  File \"C:\\Users\\USER\\AppData\\Local\\Programs\\Python\\Python311\\Lib\\site-packages\\selenium\\webdriver\\support\\wait.py\", line 101, in until\n    raise TimeoutException(message, screen, stacktrace)\n"}, "start": 1710976142445, "stop": 1710976152583}], "parameters": [{"name": "username", "value": "adminxyz"}, {"name": "password", "value": "admin123"}], "start": 1710976136598, "stop": 1710976152583, "uuid": "aa617980-82bd-4b50-88d1-29a02081be09", "historyId": "9a546e39c09ce7dbd18d2c23c857df9f", "fullName": ": Login with multiples parameters", "labels": [{"name": "severity", "value": "normal"}, {"name": "feature"}, {"name": "framework", "value": "behave"}, {"name": "language", "value": "cpython3"}]}